POST https://api.ote.wildwestdomains.com:443/wswwdapi/wapi.asmx?WSDL
with body: ["<?xml version=\"1.0\" encoding=\"utf-8\"?><soap:Envelope xmlns:xsi=\"http://www.w3.org/2001/XMLSchema-instance\" xmlns:xsd=\"http://www.w3.org/2001/XMLSchema\" xmlns:soap=\"http://schemas.xmlsoap.org/soap/envelope/\"><soap:Body><Describe xmlns=\"http://wildwestdomains.com/webservices/\"><credential><Account>thrivesmart</Account><Password>827fmsk873d91yej302zie</Password></credential><sCLTRID>c729c250-101b-012c-1d11-0017f2dd31f3</sCLTRID></Describe></soap:Body></soap:Envelope>", {"SOAPAction"=>"\"http://wildwestdomains.com/webservices/Describe\"", "POST"=>"/wswwdapi/wapi.asmx HTTP/1.1", "Content-Type"=>"text/xml; charset=utf-8", "Host"=>"api.ote.wildwestdomains.com"}]
--> 200 OK (548 554ms)
POST https://api.ote.wildwestdomains.com:443/wswwdapi/wapi.asmx?WSDL
with body: ["<?xml version=\"1.0\" encoding=\"utf-8\"?><soap:Envelope xmlns:xsi=\"http://www.w3.org/2001/XMLSchema-instance\" xmlns:xsd=\"http://www.w3.org/2001/XMLSchema\" xmlns:soap=\"http://schemas.xmlsoap.org/soap/envelope/\"><soap:Body><Describe xmlns=\"http://wildwestdomains.com/webservices/\"><credential><Account>thrivesmart</Account><Password>thrivestrong</Password></credential><sCLTRID>fefda980-101b-012c-1d12-0017f2dd31f3</sCLTRID></Describe></soap:Body></soap:Envelope>", {"SOAPAction"=>"\"http://wildwestdomains.com/webservices/Describe\"", "POST"=>"/wswwdapi/wapi.asmx HTTP/1.1", "Content-Type"=>"text/xml; charset=utf-8", "Host"=>"api.ote.wildwestdomains.com"}]
--> 200 OK (548 562ms)
POST https://api.ote.wildwestdomains.com:443/wswwdapi/wapi.asmx?WSDL
with body: ["<?xml version=\"1.0\" encoding=\"utf-8\"?><soap:Envelope xmlns:xsi=\"http://www.w3.org/2001/XMLSchema-instance\" xmlns:xsd=\"http://www.w3.org/2001/XMLSchema\" xmlns:soap=\"http://schemas.xmlsoap.org/soap/envelope/\"><soap:Body><Describe xmlns=\"http://wildwestdomains.com/webservices/\"><credential><Account>thrivesmart</Account><Password>thrivestrong</Password></credential><sCLTRID>42ec1b80-101c-012c-1d13-0017f2dd31f3</sCLTRID></Describe></soap:Body></soap:Envelope>", {"SOAPAction"=>"\"http://wildwestdomains.com/webservices/Describe\"", "POST"=>"/wswwdapi/wapi.asmx HTTP/1.1", "Content-Type"=>"text/xml; charset=utf-8", "Host"=>"api.ote.wildwestdomains.com"}]
--> 200 OK (548 578ms)
POST https://api.ote.wildwestdomains.com:443/wswwdapi/wapi.asmx?WSDL
with body: ["<?xml version=\"1.0\" encoding=\"utf-8\"?><soap:Envelope xmlns:xsi=\"http://www.w3.org/2001/XMLSchema-instance\" xmlns:xsd=\"http://www.w3.org/2001/XMLSchema\" xmlns:soap=\"http://schemas.xmlsoap.org/soap/envelope/\"><soap:Body><Describe xmlns=\"http://wildwestdomains.com/webservices/\"><credential><Account>thrivesmart</Account><Password>thrivestrong</Password></credential><sCLTRID>4cae5520-101c-012c-1d14-0017f2dd31f3</sCLTRID></Describe></soap:Body></soap:Envelope>", {"SOAPAction"=>"\"http://wildwestdomains.com/webservices/Describe\"", "POST"=>"/wswwdapi/wapi.asmx HTTP/1.1", "Content-Type"=>"text/xml; charset=utf-8", "Host"=>"api.ote.wildwestdomains.com"}]
--> 200 OK (548 567ms)
POST https://api.ote.wildwestdomains.com:443/wswwdapi/wapi.asmx?WSDL
with body: ["<?xml version=\"1.0\" encoding=\"utf-8\"?><soap:Envelope xmlns:xsi=\"http://www.w3.org/2001/XMLSchema-instance\" xmlns:xsd=\"http://www.w3.org/2001/XMLSchema\" xmlns:soap=\"http://schemas.xmlsoap.org/soap/envelope/\"><soap:Body><Describe xmlns=\"http://wildwestdomains.com/webservices/\"><credential><Account>thrivesmart</Account><Password>827fmsk873d91yej302zie</Password></credential><sCLTRID>9e16b0b0-101d-012c-1d15-0017f2dd31f3</sCLTRID></Describe></soap:Body></soap:Envelope>", {"SOAPAction"=>"\"http://wildwestdomains.com/webservices/Describe\"", "POST"=>"/wswwdapi/wapi.asmx HTTP/1.1", "Content-Type"=>"text/xml; charset=utf-8", "Host"=>"api.ote.wildwestdomains.com"}]
--> 200 OK (718 615ms)
POST https://api.ote.wildwestdomains.com:443/wswwdapi/wapi.asmx?WSDL
with body: ["<?xml version=\"1.0\" encoding=\"utf-8\"?><soap:Envelope xmlns:xsi=\"http://www.w3.org/2001/XMLSchema-instance\" xmlns:xsd=\"http://www.w3.org/2001/XMLSchema\" xmlns:soap=\"http://schemas.xmlsoap.org/soap/envelope/\"><soap:Body><Describe xmlns=\"http://wildwestdomains.com/webservices/\"><credential><Account>thrivesmart</Account><Password>827fmsk873d91yej302zie</Password></credential><sCLTRID>a9f246b0-101f-012c-1d16-0017f2dd31f3</sCLTRID></Describe></soap:Body></soap:Envelope>", {"SOAPAction"=>"\"http://wildwestdomains.com/webservices/Describe\"", "POST"=>"/wswwdapi/wapi.asmx HTTP/1.1", "Content-Type"=>"text/xml; charset=utf-8", "Host"=>"api.ote.wildwestdomains.com"}]
--> 200 OK (718 8357ms)
POST https://api.ote.wildwestdomains.com:443/wswwdapi/wapi.asmx?WSDL
with body: ["<?xml version=\"1.0\" encoding=\"utf-8\"?><soap:Envelope xmlns:xsi=\"http://www.w3.org/2001/XMLSchema-instance\" xmlns:xsd=\"http://www.w3.org/2001/XMLSchema\" xmlns:soap=\"http://schemas.xmlsoap.org/soap/envelope/\"><soap:Body><Manage xmlns=\"http://wildwestdomains.com/webservices/\"><credential><Account>thrivesmart</Account><Password>827fmsk873d91yej302zie</Password></credential><sCLTRID>b0593e10-101f-012c-1d16-0017f2dd31f3</sCLTRID><script cmd=\"reset\" /></Manage></soap:Body></soap:Envelope>", {"SOAPAction"=>"\"http://wildwestdomains.com/webservices/Manage\"", "POST"=>"/wswwdapi/wapi.asmx HTTP/1.1", "Content-Type"=>"text/xml; charset=utf-8", "Host"=>"api.ote.wildwestdomains.com"}]
--> 500 Internal Server Error. (498 493ms)
POST https://api.ote.wildwestdomains.com:443/wswwdapi/wapi.asmx?WSDL
with body: ["<?xml version=\"1.0\" encoding=\"utf-8\"?><soap:Envelope xmlns:xsi=\"http://www.w3.org/2001/XMLSchema-instance\" xmlns:xsd=\"http://www.w3.org/2001/XMLSchema\" xmlns:soap=\"http://schemas.xmlsoap.org/soap/envelope/\"><soap:Body><Describe xmlns=\"http://wildwestdomains.com/webservices/\"><credential><Account>thrivesmart</Account><Password>827fmsk873d91yej302zie</Password></credential><sCLTRID>c78298d0-1021-012c-1d17-0017f2dd31f3</sCLTRID></Describe></soap:Body></soap:Envelope>", {"SOAPAction"=>"\"http://wildwestdomains.com/webservices/Describe\"", "POST"=>"/wswwdapi/wapi.asmx HTTP/1.1", "Content-Type"=>"text/xml; charset=utf-8", "Host"=>"api.ote.wildwestdomains.com"}]
--> 200 OK (718 627ms)
POST https://api.ote.wildwestdomains.com:443/wswwdapi/wapi.asmx?WSDL
with body: ["<?xml version=\"1.0\" encoding=\"utf-8\"?><soap:Envelope xmlns:xsi=\"http://www.w3.org/2001/XMLSchema-instance\" xmlns:xsd=\"http://www.w3.org/2001/XMLSchema\" xmlns:soap=\"http://schemas.xmlsoap.org/soap/envelope/\"><soap:Body><ProcessRequest xmlns=\"http://wildwestdomains.com/webservices/\"><sRequestXML><wapi clTRID='c8e11160-1021-012c-1d17-0017f2dd31f3' account='thrivesmart' pwd='827fmsk873d91yej302zie'><manage><script cmd='reset' /></manage></wapi></sRequestXML></ProcessRequest></soap:Body></soap:Envelope>", {"SOAPAction"=>"\"http://wildwestdomains.com/webservices/ProcessRequest\"", "POST"=>"/wswwdapi/wapi.asmx HTTP/1.1", "Content-Type"=>"text/xml; charset=utf-8", "Host"=>"api.ote.wildwestdomains.com"}]
--> 500 Internal Server Error. (539 521ms)
POST https://api.ote.wildwestdomains.com:443/wswwdapi/wapi.asmx?WSDL
with body: ["<?xml version=\"1.0\" encoding=\"utf-8\"?><soap:Envelope xmlns:xsi=\"http://www.w3.org/2001/XMLSchema-instance\" xmlns:xsd=\"http://www.w3.org/2001/XMLSchema\" xmlns:soap=\"http://schemas.xmlsoap.org/soap/envelope/\"><soap:Body><Describe xmlns=\"http://wildwestdomains.com/webservices/\"><credential><Account>thrivesmart</Account><Password>827fmsk873d91yej302zie</Password></credential><sCLTRID>73325360-1022-012c-1d18-0017f2dd31f3</sCLTRID></Describe></soap:Body></soap:Envelope>", {"SOAPAction"=>"\"http://wildwestdomains.com/webservices/Describe\"", "POST"=>"/wswwdapi/wapi.asmx HTTP/1.1", "Content-Type"=>"text/xml; charset=utf-8", "Host"=>"api.ote.wildwestdomains.com"}]
--> 200 OK (718 617ms)
POST https://api.ote.wildwestdomains.com:443/wswwdapi/wapi.asmx?WSDL
with body: ["<?xml version=\"1.0\" encoding=\"utf-8\"?><soap:Envelope xmlns:xsi=\"http://www.w3.org/2001/XMLSchema-instance\" xmlns:xsd=\"http://www.w3.org/2001/XMLSchema\" xmlns:soap=\"http://schemas.xmlsoap.org/soap/envelope/\"><soap:Body><ProcessRequest xmlns=\"http://wildwestdomains.com/webservices/\"><sRequestXML>&lt;wapi clTRID=&#39;758967e0-1022-012c-1d18-0017f2dd31f3&#39; account=&#39;thrivesmart&#39; pwd=&#39;827fmsk873d91yej302zie&#39;&gt;&lt;manage&gt;&lt;script cmd=&#39;reset&#39; /&gt;&lt;/manage&gt;&lt;/wapi&gt;</sRequestXML></ProcessRequest></soap:Body></soap:Envelope>", {"SOAPAction"=>"\"http://wildwestdomains.com/webservices/ProcessRequest\"", "POST"=>"/wswwdapi/wapi.asmx HTTP/1.1", "Content-Type"=>"text/xml; charset=utf-8", "Host"=>"api.ote.wildwestdomains.com"}]
--> 200 OK (410 643ms)
POST https://api.ote.wildwestdomains.com:443/wswwdapi/wapi.asmx?WSDL
with body: ["<?xml version=\"1.0\" encoding=\"utf-8\"?><soap:Envelope xmlns:xsi=\"http://www.w3.org/2001/XMLSchema-instance\" xmlns:xsd=\"http://www.w3.org/2001/XMLSchema\" xmlns:soap=\"http://schemas.xmlsoap.org/soap/envelope/\"><soap:Body><ProcessRequest xmlns=\"http://wildwestdomains.com/webservices/\"><sRequestXML>&lt;wapi clTRID=&#39;ebcd73c0-1022-012c-1d18-0017f2dd31f3&#39; account=&#39;thrivesmart&#39; pwd=&#39;827fmsk873d91yej302zie&#39;&gt;&lt;manage&gt;&lt;script cmd=&#39;reset&#39; /&gt;&lt;/manage&gt;&lt;/wapi&gt;</sRequestXML></ProcessRequest></soap:Body></soap:Envelope>", {"SOAPAction"=>"\"http://wildwestdomains.com/webservices/ProcessRequest\"", "POST"=>"/wswwdapi/wapi.asmx HTTP/1.1", "Content-Type"=>"text/xml; charset=utf-8", "Host"=>"api.ote.wildwestdomains.com"}]
--> 200 OK (410 647ms)
POST https://api.ote.wildwestdomains.com:443/wswwdapi/wapi.asmx?WSDL
with body: ["<?xml version=\"1.0\" encoding=\"utf-8\"?><soap:Envelope xmlns:xsi=\"http://www.w3.org/2001/XMLSchema-instance\" xmlns:xsd=\"http://www.w3.org/2001/XMLSchema\" xmlns:soap=\"http://schemas.xmlsoap.org/soap/envelope/\"><soap:Body><Describe xmlns=\"http://wildwestdomains.com/webservices/\"><credential><Account>thrivesmart</Account><Password>827fmsk873d91yej302zie</Password></credential><sCLTRID>18e35270-1023-012c-1d19-0017f2dd31f3</sCLTRID></Describe></soap:Body></soap:Envelope>", {"SOAPAction"=>"\"http://wildwestdomains.com/webservices/Describe\"", "POST"=>"/wswwdapi/wapi.asmx HTTP/1.1", "Content-Type"=>"text/xml; charset=utf-8", "Host"=>"api.ote.wildwestdomains.com"}]
--> 200 OK (718 633ms)
POST https://api.ote.wildwestdomains.com:443/wswwdapi/wapi.asmx?WSDL
with body: ["<?xml version=\"1.0\" encoding=\"utf-8\"?><soap:Envelope xmlns:xsi=\"http://www.w3.org/2001/XMLSchema-instance\" xmlns:xsd=\"http://www.w3.org/2001/XMLSchema\" xmlns:soap=\"http://schemas.xmlsoap.org/soap/envelope/\"><soap:Body><Describe xmlns=\"http://wildwestdomains.com/webservices/\"><credential><Account>thrivesmart</Account><Password>827fmsk873d91yej302zie</Password></credential><sCLTRID>2f8ab850-1023-012c-1d1a-0017f2dd31f3</sCLTRID></Describe></soap:Body></soap:Envelope>", {"SOAPAction"=>"\"http://wildwestdomains.com/webservices/Describe\"", "POST"=>"/wswwdapi/wapi.asmx HTTP/1.1", "Content-Type"=>"text/xml; charset=utf-8", "Host"=>"api.ote.wildwestdomains.com"}]
--> 200 OK (718 579ms)
POST https://api.ote.wildwestdomains.com:443/wswwdapi/wapi.asmx?WSDL
with body: ["<?xml version=\"1.0\" encoding=\"utf-8\"?><soap:Envelope xmlns:xsi=\"http://www.w3.org/2001/XMLSchema-instance\" xmlns:xsd=\"http://www.w3.org/2001/XMLSchema\" xmlns:soap=\"http://schemas.xmlsoap.org/soap/envelope/\"><soap:Body><ProcessRequest xmlns=\"http://wildwestdomains.com/webservices/\"><sRequestXML>&lt;wapi clTRID=&#39;30e9ae10-1023-012c-1d1a-0017f2dd31f3&#39; account=&#39;thrivesmart&#39; pwd=&#39;827fmsk873d91yej302zie&#39;&gt;&lt;manage&gt;&lt;script cmd=&#39;reset&#39; /&gt;&lt;/manage&gt;&lt;/wapi&gt;</sRequestXML></ProcessRequest></soap:Body></soap:Envelope>", {"SOAPAction"=>"\"http://wildwestdomains.com/webservices/ProcessRequest\"", "POST"=>"/wswwdapi/wapi.asmx HTTP/1.1", "Content-Type"=>"text/xml; charset=utf-8", "Host"=>"api.ote.wildwestdomains.com"}]
--> 200 OK (410 591ms)
POST https://api.ote.wildwestdomains.com:443/wswwdapi/wapi.asmx?WSDL
with body: ["<?xml version=\"1.0\" encoding=\"utf-8\"?><soap:Envelope xmlns:xsi=\"http://www.w3.org/2001/XMLSchema-instance\" xmlns:xsd=\"http://www.w3.org/2001/XMLSchema\" xmlns:soap=\"http://schemas.xmlsoap.org/soap/envelope/\"><soap:Body><Describe xmlns=\"http://wildwestdomains.com/webservices/\"><credential><Account>thrivesmart</Account><Password>827fmsk873d91yej302zie</Password></credential><sCLTRID>08319260-1024-012c-1d1b-0017f2dd31f3</sCLTRID></Describe></soap:Body></soap:Envelope>", {"SOAPAction"=>"\"http://wildwestdomains.com/webservices/Describe\"", "POST"=>"/wswwdapi/wapi.asmx HTTP/1.1", "Content-Type"=>"text/xml; charset=utf-8", "Host"=>"api.ote.wildwestdomains.com"}]
--> 200 OK (718 616ms)
POST https://api.ote.wildwestdomains.com:443/wswwdapi/wapi.asmx?WSDL
with body: ["<?xml version=\"1.0\" encoding=\"utf-8\"?><soap:Envelope xmlns:xsi=\"http://www.w3.org/2001/XMLSchema-instance\" xmlns:xsd=\"http://www.w3.org/2001/XMLSchema\" xmlns:soap=\"http://schemas.xmlsoap.org/soap/envelope/\"><soap:Body><ProcessRequest xmlns=\"http://wildwestdomains.com/webservices/\"><sRequestXML>&lt;wapi clTRID=&#39;0b145ad0-1024-012c-1d1b-0017f2dd31f3&#39; account=&#39;thrivesmart&#39; pwd=&#39;827fmsk873d91yej302zie&#39;&gt;&lt;manage&gt;&lt;script cmd=&#39;reset&#39; /&gt;&lt;/manage&gt;&lt;/wapi&gt;</sRequestXML></ProcessRequest></soap:Body></soap:Envelope>", {"SOAPAction"=>"\"http://wildwestdomains.com/webservices/ProcessRequest\"", "POST"=>"/wswwdapi/wapi.asmx HTTP/1.1", "Content-Type"=>"text/xml; charset=utf-8", "Host"=>"api.ote.wildwestdomains.com"}]
--> 200 OK (410 616ms)
